{"name":"TestHw42","status":"broken","statusDetails":{"known":false,"muted":false,"flaky":false,"message":"\r\nCan't find element by link text: 'SUPPORT'. expected [true] but found [false]","trace":"java.lang.RuntimeException: \r\nCan't find element by link text: 'SUPPORT'. expected [true] but found [false]\r\n\tat com.epam.jdi.light.common.Exceptions.exception(Exceptions.java:12)\r\n\tat hw4.pageObjectHelpers.LoginPageHelper.checkServiceDropdown_aroundBody9$advice(LoginPageHelper.java:132)\r\n\tat hw4.pageObjectHelpers.LoginPageHelper.checkServiceDropdown(LoginPageHelper.java:1)\r\n\tat hw4.Hw4.TestHw42(Hw4.java:105)\r\n\tat sun.reflect.NativeMethodAccessorImpl.invoke0(Native Method)\r\n\tat sun.reflect.NativeMethodAccessorImpl.invoke(NativeMethodAccessorImpl.java:62)\r\n\tat sun.reflect.DelegatingMethodAccessorImpl.invoke(DelegatingMethodAccessorImpl.java:43)\r\n\tat java.lang.reflect.Method.invoke(Method.java:498)\r\n\tat org.testng.internal.MethodInvocationHelper.invokeMethod(MethodInvocationHelper.java:124)\r\n\tat org.testng.internal.Invoker.invokeMethod(Invoker.java:583)\r\n\tat org.testng.internal.Invoker.invokeTestMethod(Invoker.java:719)\r\n\tat org.testng.internal.Invoker.invokeTestMethods(Invoker.java:989)\r\n\tat org.testng.internal.TestMethodWorker.invokeTestMethods(TestMethodWorker.java:125)\r\n\tat org.testng.internal.TestMethodWorker.run(TestMethodWorker.java:109)\r\n\tat java.util.concurrent.ThreadPoolExecutor.runWorker(ThreadPoolExecutor.java:1149)\r\n\tat java.util.concurrent.ThreadPoolExecutor$Worker.run(ThreadPoolExecutor.java:624)\r\n\tat java.lang.Thread.run(Thread.java:748)\r\n"},"stage":"finished","steps":[{"name":"Check page title equals 'Home Page' (hw4.pageObjectHelpers.LoginPageHelper@618b7701)","status":"passed","stage":"finished","steps":[],"attachments":[],"parameters":[],"start":1562759879277,"stop":1562759879277},{"name":"Check page title equals 'Home Page'","status":"passed","stage":"finished","steps":[],"attachments":[],"parameters":[{"name":"pageTile","value":"Home Page"}],"start":1562759879277,"stop":1562759879282},{"name":"Login as 'epam' (hw4.pageObjectHelpers.LoginPageHelper@618b7701)","status":"passed","stage":"finished","steps":[],"attachments":[],"parameters":[],"start":1562759879282,"stop":1562759879282},{"name":"Login as 'epam'","status":"passed","stage":"finished","steps":[],"attachments":[],"parameters":[{"name":"user","value":"epam"},{"name":"pwd","value":"1234"}],"start":1562759879282,"stop":1562759879528},{"name":"Check user name: 'PITER CHAILOVSKII' (hw4.pageObjectHelpers.LoginPageHelper@618b7701)","status":"passed","stage":"finished","steps":[],"attachments":[],"parameters":[],"start":1562759879528,"stop":1562759879528},{"name":"Check user name: 'PITER CHAILOVSKII'","status":"passed","stage":"finished","steps":[],"attachments":[],"parameters":[{"name":"userName","value":"PITER CHAILOVSKII"}],"start":1562759879528,"stop":1562759879557},{"name":"Check page title equals 'Home Page' (hw4.pageObjectHelpers.LoginPageHelper@618b7701)","status":"passed","stage":"finished","steps":[],"attachments":[],"parameters":[],"start":1562759879557,"stop":1562759879557},{"name":"Check page title equals 'Home Page'","status":"passed","stage":"finished","steps":[],"attachments":[],"parameters":[{"name":"pageTile","value":"Home Page"}],"start":1562759879557,"stop":1562759879561},{"name":"Check service's dropdown content at header (hw4.pageObjectHelpers.LoginPageHelper@618b7701)","status":"passed","stage":"finished","steps":[],"attachments":[],"parameters":[],"start":1562759879561,"stop":1562759879561},{"name":"Check service's dropdown content at header","status":"failed","statusDetails":{"known":false,"muted":false,"flaky":false,"message":"Can't find element by link text: 'SUPPORT'. expected [true] but found [false]","trace":"java.lang.AssertionError: Can't find element by link text: 'SUPPORT'. expected [true] but found [false]\r\n\tat org.testng.Assert.fail(Assert.java:96)\r\n\tat org.testng.Assert.failNotEquals(Assert.java:776)\r\n\tat org.testng.Assert.assertTrue(Assert.java:44)\r\n\tat hw4.pageObjectHelpers.LoginPageHelper.checkServiceDropdown_aroundBody8(LoginPageHelper.java:58)\r\n\tat hw4.pageObjectHelpers.LoginPageHelper.checkServiceDropdown_aroundBody9$advice(LoginPageHelper.java:128)\r\n\tat hw4.pageObjectHelpers.LoginPageHelper.checkServiceDropdown(LoginPageHelper.java:1)\r\n\tat hw4.Hw4.TestHw42(Hw4.java:105)\r\n\tat sun.reflect.NativeMethodAccessorImpl.invoke0(Native Method)\r\n\tat sun.reflect.NativeMethodAccessorImpl.invoke(NativeMethodAccessorImpl.java:62)\r\n\tat sun.reflect.DelegatingMethodAccessorImpl.invoke(DelegatingMethodAccessorImpl.java:43)\r\n\tat java.lang.reflect.Method.invoke(Method.java:498)\r\n\tat org.testng.internal.MethodInvocationHelper.invokeMethod(MethodInvocationHelper.java:124)\r\n\tat org.testng.internal.Invoker.invokeMethod(Invoker.java:583)\r\n\tat org.testng.internal.Invoker.invokeTestMethod(Invoker.java:719)\r\n\tat org.testng.internal.Invoker.invokeTestMethods(Invoker.java:989)\r\n\tat org.testng.internal.TestMethodWorker.invokeTestMethods(TestMethodWorker.java:125)\r\n\tat org.testng.internal.TestMethodWorker.run(TestMethodWorker.java:109)\r\n\tat java.util.concurrent.ThreadPoolExecutor.runWorker(ThreadPoolExecutor.java:1149)\r\n\tat java.util.concurrent.ThreadPoolExecutor$Worker.run(ThreadPoolExecutor.java:624)\r\n\tat java.lang.Thread.run(Thread.java:748)\r\n"},"stage":"finished","steps":[],"attachments":[],"parameters":[{"name":"textsList","value":"[SUPPORT, DATES, COMPLEX TABLE, SIMPLE TABLE, TABLE WITH PAGES, DIFFERENT ELEMENTS]"}],"start":1562759879561,"stop":1562759879590}],"attachments":[{"name":"Attachment: failed","source":"0e6f6616-0459-462c-8265-33395675b54c-attachment","type":"image/png"}],"parameters":[{"name":"browserType","value":"chrome"}],"start":1562759879277,"stop":1562759879946,"uuid":"58b50f5d-8456-46fe-89fc-6a745a7301b4","historyId":"b0eef2f0471726995ed7df4404cc6486","fullName":"hw4.Hw4.TestHw42","labels":[{"name":"package","value":"hw4.Hw4"},{"name":"testClass","value":"hw4.Hw4"},{"name":"testMethod","value":"TestHw42"},{"name":"parentSuite","value":"Hw5"},{"name":"suite","value":"Jen"},{"name":"subSuite","value":"hw4.Hw4"},{"name":"host","value":"EPRUPETW7092"},{"name":"thread","value":"35880@EPRUPETW7092.TestNG-test=Jen-1(15)"},{"name":"framework","value":"testng"},{"name":"language","value":"java"},{"name":"story","value":"Test verify base page elements"}],"links":[]}