{"name":"TestHw42","status":"broken","statusDetails":{"known":false,"muted":false,"flaky":false,"message":"\r\nCan't find element by link text: 'SUPPORT'. expected [true] but found [false]","trace":"java.lang.RuntimeException: \r\nCan't find element by link text: 'SUPPORT'. expected [true] but found [false]\r\n\tat com.epam.jdi.light.common.Exceptions.exception(Exceptions.java:12)\r\n\tat hw4.pageObjectHelpers.LoginPageHelper.checkServiceDropdown_aroundBody9$advice(LoginPageHelper.java:132)\r\n\tat hw4.pageObjectHelpers.LoginPageHelper.checkServiceDropdown(LoginPageHelper.java:1)\r\n\tat hw4.Hw4.TestHw42(Hw4.java:105)\r\n\tat sun.reflect.NativeMethodAccessorImpl.invoke0(Native Method)\r\n\tat sun.reflect.NativeMethodAccessorImpl.invoke(NativeMethodAccessorImpl.java:62)\r\n\tat sun.reflect.DelegatingMethodAccessorImpl.invoke(DelegatingMethodAccessorImpl.java:43)\r\n\tat java.lang.reflect.Method.invoke(Method.java:498)\r\n\tat org.testng.internal.MethodInvocationHelper.invokeMethod(MethodInvocationHelper.java:124)\r\n\tat org.testng.internal.Invoker.invokeMethod(Invoker.java:583)\r\n\tat org.testng.internal.Invoker.invokeTestMethod(Invoker.java:719)\r\n\tat org.testng.internal.Invoker.invokeTestMethods(Invoker.java:989)\r\n\tat org.testng.internal.TestMethodWorker.invokeTestMethods(TestMethodWorker.java:125)\r\n\tat org.testng.internal.TestMethodWorker.run(TestMethodWorker.java:109)\r\n\tat org.testng.TestRunner.privateRun(TestRunner.java:648)\r\n\tat org.testng.TestRunner.run(TestRunner.java:505)\r\n\tat org.testng.SuiteRunner.runTest(SuiteRunner.java:455)\r\n\tat org.testng.SuiteRunner.runSequentially(SuiteRunner.java:450)\r\n\tat org.testng.SuiteRunner.privateRun(SuiteRunner.java:415)\r\n\tat org.testng.SuiteRunner.run(SuiteRunner.java:364)\r\n\tat org.testng.SuiteRunnerWorker.runSuite(SuiteRunnerWorker.java:52)\r\n\tat org.testng.SuiteRunnerWorker.run(SuiteRunnerWorker.java:84)\r\n\tat org.testng.TestNG.runSuitesSequentially(TestNG.java:1208)\r\n\tat org.testng.TestNG.runSuitesLocally(TestNG.java:1137)\r\n\tat org.testng.TestNG.runSuites(TestNG.java:1049)\r\n\tat org.testng.TestNG.run(TestNG.java:1017)\r\n\tat org.testng.IDEARemoteTestNG.run(IDEARemoteTestNG.java:73)\r\n\tat org.testng.RemoteTestNGStarter.main(RemoteTestNGStarter.java:123)\r\n"},"stage":"finished","steps":[{"name":"Check page title equals 'Home Page' (hw4.pageObjectHelpers.LoginPageHelper@29280ca6)","status":"passed","stage":"finished","steps":[],"attachments":[],"parameters":[],"start":1562759555296,"stop":1562759555296},{"name":"Check page title equals 'Home Page'","status":"passed","stage":"finished","steps":[],"attachments":[],"parameters":[{"name":"pageTile","value":"Home Page"}],"start":1562759555296,"stop":1562759555305},{"name":"Login as 'epam' (hw4.pageObjectHelpers.LoginPageHelper@29280ca6)","status":"passed","stage":"finished","steps":[],"attachments":[],"parameters":[],"start":1562759555305,"stop":1562759555305},{"name":"Login as 'epam'","status":"passed","stage":"finished","steps":[],"attachments":[],"parameters":[{"name":"user","value":"epam"},{"name":"pwd","value":"1234"}],"start":1562759555305,"stop":1562759555577},{"name":"Check user name: 'PITER CHAILOVSKII' (hw4.pageObjectHelpers.LoginPageHelper@29280ca6)","status":"passed","stage":"finished","steps":[],"attachments":[],"parameters":[],"start":1562759555577,"stop":1562759555577},{"name":"Check user name: 'PITER CHAILOVSKII'","status":"passed","stage":"finished","steps":[],"attachments":[],"parameters":[{"name":"userName","value":"PITER CHAILOVSKII"}],"start":1562759555577,"stop":1562759555610},{"name":"Check page title equals 'Home Page' (hw4.pageObjectHelpers.LoginPageHelper@29280ca6)","status":"passed","stage":"finished","steps":[],"attachments":[],"parameters":[],"start":1562759555610,"stop":1562759555610},{"name":"Check page title equals 'Home Page'","status":"passed","stage":"finished","steps":[],"attachments":[],"parameters":[{"name":"pageTile","value":"Home Page"}],"start":1562759555610,"stop":1562759555614},{"name":"Check service's dropdown content at header (hw4.pageObjectHelpers.LoginPageHelper@29280ca6)","status":"passed","stage":"finished","steps":[],"attachments":[],"parameters":[],"start":1562759555614,"stop":1562759555614},{"name":"Check service's dropdown content at header","status":"failed","statusDetails":{"known":false,"muted":false,"flaky":false,"message":"Can't find element by link text: 'SUPPORT'. expected [true] but found [false]","trace":"java.lang.AssertionError: Can't find element by link text: 'SUPPORT'. expected [true] but found [false]\r\n\tat org.testng.Assert.fail(Assert.java:96)\r\n\tat org.testng.Assert.failNotEquals(Assert.java:776)\r\n\tat org.testng.Assert.assertTrue(Assert.java:44)\r\n\tat hw4.pageObjectHelpers.LoginPageHelper.checkServiceDropdown_aroundBody8(LoginPageHelper.java:58)\r\n\tat hw4.pageObjectHelpers.LoginPageHelper.checkServiceDropdown_aroundBody9$advice(LoginPageHelper.java:128)\r\n\tat hw4.pageObjectHelpers.LoginPageHelper.checkServiceDropdown(LoginPageHelper.java:1)\r\n\tat hw4.Hw4.TestHw42(Hw4.java:105)\r\n\tat sun.reflect.NativeMethodAccessorImpl.invoke0(Native Method)\r\n\tat sun.reflect.NativeMethodAccessorImpl.invoke(NativeMethodAccessorImpl.java:62)\r\n\tat sun.reflect.DelegatingMethodAccessorImpl.invoke(DelegatingMethodAccessorImpl.java:43)\r\n\tat java.lang.reflect.Method.invoke(Method.java:498)\r\n\tat org.testng.internal.MethodInvocationHelper.invokeMethod(MethodInvocationHelper.java:124)\r\n\tat org.testng.internal.Invoker.invokeMethod(Invoker.java:583)\r\n\tat org.testng.internal.Invoker.invokeTestMethod(Invoker.java:719)\r\n\tat org.testng.internal.Invoker.invokeTestMethods(Invoker.java:989)\r\n\tat org.testng.internal.TestMethodWorker.invokeTestMethods(TestMethodWorker.java:125)\r\n\tat org.testng.internal.TestMethodWorker.run(TestMethodWorker.java:109)\r\n\tat org.testng.TestRunner.privateRun(TestRunner.java:648)\r\n\tat org.testng.TestRunner.run(TestRunner.java:505)\r\n\tat org.testng.SuiteRunner.runTest(SuiteRunner.java:455)\r\n\tat org.testng.SuiteRunner.runSequentially(SuiteRunner.java:450)\r\n\tat org.testng.SuiteRunner.privateRun(SuiteRunner.java:415)\r\n\tat org.testng.SuiteRunner.run(SuiteRunner.java:364)\r\n\tat org.testng.SuiteRunnerWorker.runSuite(SuiteRunnerWorker.java:52)\r\n\tat org.testng.SuiteRunnerWorker.run(SuiteRunnerWorker.java:84)\r\n\tat org.testng.TestNG.runSuitesSequentially(TestNG.java:1208)\r\n\tat org.testng.TestNG.runSuitesLocally(TestNG.java:1137)\r\n\tat org.testng.TestNG.runSuites(TestNG.java:1049)\r\n\tat org.testng.TestNG.run(TestNG.java:1017)\r\n\tat org.testng.IDEARemoteTestNG.run(IDEARemoteTestNG.java:73)\r\n\tat org.testng.RemoteTestNGStarter.main(RemoteTestNGStarter.java:123)\r\n"},"stage":"finished","steps":[],"attachments":[],"parameters":[{"name":"textsList","value":"[SUPPORT, DATES, COMPLEX TABLE, SIMPLE TABLE, TABLE WITH PAGES, DIFFERENT ELEMENTS]"}],"start":1562759555614,"stop":1562759555645}],"attachments":[{"name":"Attachment: failed","source":"b7d338f2-d00d-46af-8cea-a5dfa263bd94-attachment","type":"image/png"}],"parameters":[],"start":1562759555296,"stop":1562759556007,"uuid":"d0e9e510-cb1d-4abe-9071-5156aabd7b20","historyId":"c4a536941e400c5b98a46e9f89abfa14","fullName":"hw4.Hw4.TestHw42","labels":[{"name":"package","value":"hw4.Hw4"},{"name":"testClass","value":"hw4.Hw4"},{"name":"testMethod","value":"TestHw42"},{"name":"parentSuite","value":"Default Suite"},{"name":"suite","value":"test-automation-training-lec"},{"name":"subSuite","value":"hw4.Hw4"},{"name":"host","value":"EPRUPETW7092"},{"name":"thread","value":"18696@EPRUPETW7092.main(1)"},{"name":"framework","value":"testng"},{"name":"language","value":"java"},{"name":"story","value":"Test verify base page elements"}],"links":[]}